-------------------------------------------------------------------------------------------------------------------------------------------------------
      name:  <unnamed>
       log:  D:\Computation\pollution_rep\Empirical\data\cec_clean.log
  log type:  text
 opened on:  16 Sep 2019, 14:23:40

. /* ===================================================================
>                                                 1. Small Firms
>  ===================================================================== */
> use cec2004_small.dta, clear ;

. * Rename variables
> rename dm firm_id ;
. rename b056 areacode ;
variable b056 not found
r(111);

end of do-file

r(111);

. clear

. ls
  <dir>   9/16/19 14:23  .                 
  <dir>   9/16/19 14:23  ..                
 365.4M   9/16/19 11:19  allfirms.dta      
  64.1M   5/20/14 22:03  cec2004_large_full.dta
 105.8M   5/20/14 22:02  cec2004_small.dta 
   0.0k   9/16/19 14:23  cec_clean.log     
  22.7k   9/16/19 11:19  cpsc_raw.log      
  41.4M   9/16/19 11:19  keynum.dta        
  50.6M   9/16/19 11:19  reg1.dta          
  50.7M   9/16/19 11:19  reg2.dta          
  51.9M   9/16/19 11:19  reg3.dta          
  54.5M   9/16/19 11:19  reg4.dta          
 222.3M   9/16/19 11:19  regall.dta        

. use cec2004_small.dta

